<?xml version="1.0" encoding="UTF-8"?>
<!-- Generated by org.testng.reporters.JUnitXMLReporter -->
<testsuite hostname="Admin" ignored="0" name="Assignment Test" tests="12" failures="1" timestamp="2019-10-14T20:15:00 IST" time="39.742" errors="0">
  <testcase name="mainPage" time="0.305" classname="com.gojek.testcases.SuccessCredit"/>
  <testcase name="shoppingCart" time="3.388" classname="com.gojek.testcases.SuccessCredit"/>
  <testcase name="orderSummary" time="0.261" classname="com.gojek.testcases.SuccessCredit"/>
  <testcase name="cardPayment" time="0.325" classname="com.gojek.testcases.SuccessCredit"/>
  <testcase name="cardDetails" time="5.88" classname="com.gojek.testcases.SuccessCredit"/>
  <testcase name="transactionCompleted" time="6.1" classname="com.gojek.testcases.SuccessCredit"/>
  <testcase name="transactionCompleted" time="0.003" classname="com.gojek.testcases.FailedCredit">
    <failure type="java.lang.NullPointerException">
      <![CDATA[java.lang.NullPointerException
at com.gojek.testcases.FailedCredit.transactionCompleted(FailedCredit.java:80)
at java.util.ArrayList.forEach(Unknown Source)
... Removed 27 stack frames]]>
    </failure>
  </testcase> <!-- transactionCompleted -->
  <testcase name="mainPage" time="0.197" classname="com.gojek.testcases.FailedCredit"/>
  <testcase name="shoppingCart" time="3.623" classname="com.gojek.testcases.FailedCredit"/>
  <testcase name="orderSummary" time="0.276" classname="com.gojek.testcases.FailedCredit"/>
  <testcase name="cardPayment" time="0.373" classname="com.gojek.testcases.FailedCredit"/>
  <testcase name="cardDetails" time="6.001" classname="com.gojek.testcases.FailedCredit"/>
</testsuite> <!-- Assignment Test -->
