<?xml version="1.0" encoding="UTF-8"?>
<testng-results skipped="0" failed="1" ignored="0" total="12" passed="11">
  <reporter-output>
    <line>
      <![CDATA[Browser Started]]>
    </line>
    <line>
      <![CDATA[Home Page Loaded]]>
    </line>
    <line>
      <![CDATA[Shopping Cart Loaded]]>
    </line>
    <line>
      <![CDATA[Order Summary Loaded]]>
    </line>
    <line>
      <![CDATA[Card Payment Loaded]]>
    </line>
    <line>
      <![CDATA[Credit Card Details]]>
    </line>
    <line>
      <![CDATA[Transaction Page Loaded]]>
    </line>
    <line>
      <![CDATA[Browser Ended]]>
    </line>
    <line>
      <![CDATA[Browser Started]]>
    </line>
    <line>
      <![CDATA[Transaction Page Loaded]]>
    </line>
    <line>
      <![CDATA[Home Page Loaded]]>
    </line>
    <line>
      <![CDATA[Shopping Cart Loaded]]>
    </line>
    <line>
      <![CDATA[Order Summary Loaded]]>
    </line>
    <line>
      <![CDATA[Card Payment Loaded]]>
    </line>
    <line>
      <![CDATA[Credit Card Details]]>
    </line>
    <line>
      <![CDATA[Browser Ended]]>
    </line>
  </reporter-output>
  <suite name="Card Payment Suite" duration-ms="39742" started-at="2019-10-14T20:14:20 IST" finished-at="2019-10-14T20:15:00 IST">
    <groups>
    </groups>
    <test name="Assignment Test" duration-ms="39742" started-at="2019-10-14T20:14:20 IST" finished-at="2019-10-14T20:15:00 IST">
      <class name="com.gojek.testcases.FailedCredit">
        <test-method status="PASS" signature="setup()[pri:0, instance:com.gojek.testcases.FailedCredit@5e853265]" name="setup" is-config="true" duration-ms="4704" started-at="2019-10-14T20:14:44 IST" finished-at="2019-10-14T20:14:49 IST">
          <reporter-output>
            <line>
              <![CDATA[Browser Started]]>
            </line>
          </reporter-output>
        </test-method> <!-- setup -->
        <test-method status="FAIL" signature="transactionCompleted()[pri:0, instance:com.gojek.testcases.FailedCredit@5e853265]" name="transactionCompleted" duration-ms="3" started-at="2019-10-14T20:14:49 IST" finished-at="2019-10-14T20:14:49 IST">
          <exception class="java.lang.NullPointerException">
            <full-stacktrace>
              <![CDATA[java.lang.NullPointerException
at com.gojek.testcases.FailedCredit.transactionCompleted(FailedCredit.java:80)
at sun.reflect.NativeMethodAccessorImpl.invoke0(Native Method)
at sun.reflect.NativeMethodAccessorImpl.invoke(Unknown Source)
at sun.reflect.DelegatingMethodAccessorImpl.invoke(Unknown Source)
at java.lang.reflect.Method.invoke(Unknown Source)
at org.testng.internal.MethodInvocationHelper.invokeMethod(MethodInvocationHelper.java:133)
at org.testng.internal.TestInvoker.invokeMethod(TestInvoker.java:584)
at org.testng.internal.TestInvoker.invokeTestMethod(TestInvoker.java:172)
at org.testng.internal.MethodRunner.runInSequence(MethodRunner.java:46)
at org.testng.internal.TestInvoker$MethodInvocationAgent.invoke(TestInvoker.java:804)
at org.testng.internal.TestInvoker.invokeTestMethods(TestInvoker.java:145)
at org.testng.internal.TestMethodWorker.invokeTestMethods(TestMethodWorker.java:146)
at org.testng.internal.TestMethodWorker.run(TestMethodWorker.java:128)
at java.util.ArrayList.forEach(Unknown Source)
at org.testng.TestRunner.privateRun(TestRunner.java:770)
at org.testng.TestRunner.run(TestRunner.java:591)
at org.testng.SuiteRunner.runTest(SuiteRunner.java:402)
at org.testng.SuiteRunner.runSequentially(SuiteRunner.java:396)
at org.testng.SuiteRunner.privateRun(SuiteRunner.java:355)
at org.testng.SuiteRunner.run(SuiteRunner.java:304)
at org.testng.SuiteRunnerWorker.runSuite(SuiteRunnerWorker.java:53)
at org.testng.SuiteRunnerWorker.run(SuiteRunnerWorker.java:96)
at org.testng.TestNG.runSuitesSequentially(TestNG.java:1180)
at org.testng.TestNG.runSuitesLocally(TestNG.java:1102)
at org.testng.TestNG.runSuites(TestNG.java:1032)
at org.testng.TestNG.run(TestNG.java:1000)
at org.testng.remote.AbstractRemoteTestNG.run(AbstractRemoteTestNG.java:115)
at org.testng.remote.RemoteTestNG.initAndRun(RemoteTestNG.java:251)
at org.testng.remote.RemoteTestNG.main(RemoteTestNG.java:77)
]]>
            </full-stacktrace>
          </exception> <!-- java.lang.NullPointerException -->
          <reporter-output>
            <line>
              <![CDATA[Transaction Page Loaded]]>
            </line>
          </reporter-output>
        </test-method> <!-- transactionCompleted -->
        <test-method status="PASS" signature="mainPage()[pri:1, instance:com.gojek.testcases.FailedCredit@5e853265]" name="mainPage" duration-ms="197" started-at="2019-10-14T20:14:49 IST" finished-at="2019-10-14T20:14:49 IST">
          <reporter-output>
            <line>
              <![CDATA[Home Page Loaded]]>
            </line>
          </reporter-output>
        </test-method> <!-- mainPage -->
        <test-method status="PASS" signature="shoppingCart()[pri:2, instance:com.gojek.testcases.FailedCredit@5e853265]" name="shoppingCart" duration-ms="3623" started-at="2019-10-14T20:14:49 IST" finished-at="2019-10-14T20:14:53 IST">
          <reporter-output>
            <line>
              <![CDATA[Shopping Cart Loaded]]>
            </line>
          </reporter-output>
        </test-method> <!-- shoppingCart -->
        <test-method status="PASS" signature="orderSummary()[pri:3, instance:com.gojek.testcases.FailedCredit@5e853265]" name="orderSummary" duration-ms="276" started-at="2019-10-14T20:14:53 IST" finished-at="2019-10-14T20:14:53 IST">
          <reporter-output>
            <line>
              <![CDATA[Order Summary Loaded]]>
            </line>
          </reporter-output>
        </test-method> <!-- orderSummary -->
        <test-method status="PASS" signature="cardPayment()[pri:4, instance:com.gojek.testcases.FailedCredit@5e853265]" name="cardPayment" duration-ms="373" started-at="2019-10-14T20:14:53 IST" finished-at="2019-10-14T20:14:53 IST">
          <reporter-output>
            <line>
              <![CDATA[Card Payment Loaded]]>
            </line>
          </reporter-output>
        </test-method> <!-- cardPayment -->
        <test-method status="PASS" signature="cardDetails()[pri:5, instance:com.gojek.testcases.FailedCredit@5e853265]" name="cardDetails" duration-ms="6001" started-at="2019-10-14T20:14:53 IST" finished-at="2019-10-14T20:14:59 IST">
          <reporter-output>
            <line>
              <![CDATA[Credit Card Details]]>
            </line>
          </reporter-output>
        </test-method> <!-- cardDetails -->
        <test-method status="PASS" signature="tearDown()[pri:0, instance:com.gojek.testcases.FailedCredit@5e853265]" name="tearDown" is-config="true" duration-ms="644" started-at="2019-10-14T20:14:59 IST" finished-at="2019-10-14T20:15:00 IST">
          <reporter-output>
            <line>
              <![CDATA[Browser Ended]]>
            </line>
          </reporter-output>
        </test-method> <!-- tearDown -->
      </class> <!-- com.gojek.testcases.FailedCredit -->
      <class name="com.gojek.testcases.SuccessCredit">
        <test-method status="PASS" signature="setup()[pri:0, instance:com.gojek.testcases.SuccessCredit@6c49835d]" name="setup" is-config="true" duration-ms="6932" started-at="2019-10-14T20:14:20 IST" finished-at="2019-10-14T20:14:27 IST">
          <reporter-output>
            <line>
              <![CDATA[Browser Started]]>
            </line>
          </reporter-output>
        </test-method> <!-- setup -->
        <test-method status="PASS" signature="mainPage()[pri:1, instance:com.gojek.testcases.SuccessCredit@6c49835d]" name="mainPage" duration-ms="305" started-at="2019-10-14T20:14:27 IST" finished-at="2019-10-14T20:14:27 IST">
          <reporter-output>
            <line>
              <![CDATA[Home Page Loaded]]>
            </line>
          </reporter-output>
        </test-method> <!-- mainPage -->
        <test-method status="PASS" signature="shoppingCart()[pri:2, instance:com.gojek.testcases.SuccessCredit@6c49835d]" name="shoppingCart" duration-ms="3388" started-at="2019-10-14T20:14:27 IST" finished-at="2019-10-14T20:14:31 IST">
          <reporter-output>
            <line>
              <![CDATA[Shopping Cart Loaded]]>
            </line>
          </reporter-output>
        </test-method> <!-- shoppingCart -->
        <test-method status="PASS" signature="orderSummary()[pri:3, instance:com.gojek.testcases.SuccessCredit@6c49835d]" name="orderSummary" duration-ms="261" started-at="2019-10-14T20:14:31 IST" finished-at="2019-10-14T20:14:31 IST">
          <reporter-output>
            <line>
              <![CDATA[Order Summary Loaded]]>
            </line>
          </reporter-output>
        </test-method> <!-- orderSummary -->
        <test-method status="PASS" signature="cardPayment()[pri:4, instance:com.gojek.testcases.SuccessCredit@6c49835d]" name="cardPayment" duration-ms="325" started-at="2019-10-14T20:14:31 IST" finished-at="2019-10-14T20:14:31 IST">
          <reporter-output>
            <line>
              <![CDATA[Card Payment Loaded]]>
            </line>
          </reporter-output>
        </test-method> <!-- cardPayment -->
        <test-method status="PASS" signature="cardDetails()[pri:5, instance:com.gojek.testcases.SuccessCredit@6c49835d]" name="cardDetails" duration-ms="5880" started-at="2019-10-14T20:14:31 IST" finished-at="2019-10-14T20:14:37 IST">
          <reporter-output>
            <line>
              <![CDATA[Credit Card Details]]>
            </line>
          </reporter-output>
        </test-method> <!-- cardDetails -->
        <test-method status="PASS" signature="transactionCompleted()[pri:6, instance:com.gojek.testcases.SuccessCredit@6c49835d]" name="transactionCompleted" duration-ms="6100" started-at="2019-10-14T20:14:37 IST" finished-at="2019-10-14T20:14:43 IST">
          <reporter-output>
            <line>
              <![CDATA[Transaction Page Loaded]]>
            </line>
          </reporter-output>
        </test-method> <!-- transactionCompleted -->
        <test-method status="PASS" signature="tearDown()[pri:0, instance:com.gojek.testcases.SuccessCredit@6c49835d]" name="tearDown" is-config="true" duration-ms="643" started-at="2019-10-14T20:14:43 IST" finished-at="2019-10-14T20:14:44 IST">
          <reporter-output>
            <line>
              <![CDATA[Browser Ended]]>
            </line>
          </reporter-output>
        </test-method> <!-- tearDown -->
      </class> <!-- com.gojek.testcases.SuccessCredit -->
    </test> <!-- Assignment Test -->
  </suite> <!-- Card Payment Suite -->
</testng-results>
